nohup: ignoring input

  .   ____          _            __ _ _
 /\\ / ___'_ __ _ _(_)_ __  __ _ \ \ \ \
( ( )\___ | '_ | '_| | '_ \/ _` | \ \ \ \
 \\/  ___)| |_)| | | | | || (_| |  ) ) ) )
  '  |____| .__|_| |_|_| |_\__, | / / / /
 =========|_|==============|___/=/_/_/_/

 :: Spring Boot ::                (v3.4.4)

2025-04-04T07:39:00.448Z  INFO 16713 --- [           main] com.example.demo.DemoApplication         : Starting DemoApplication v0.0.1-SNAPSHOT using Java 17.0.14 with PID 16713 (/home/ubuntu/p/target/demo-0.0.1-SNAPSHOT.jar started by ubuntu in /home/ubuntu/p)
2025-04-04T07:39:00.454Z  INFO 16713 --- [           main] com.example.demo.DemoApplication         : No active profile set, falling back to 1 default profile: "default"
2025-04-04T07:39:03.169Z  INFO 16713 --- [           main] o.s.b.w.embedded.tomcat.TomcatWebServer  : Tomcat initialized with port 8080 (http)
2025-04-04T07:39:03.203Z  INFO 16713 --- [           main] o.apache.catalina.core.StandardService   : Starting service [Tomcat]
2025-04-04T07:39:03.204Z  INFO 16713 --- [           main] o.apache.catalina.core.StandardEngine    : Starting Servlet engine: [Apache Tomcat/10.1.39]
2025-04-04T07:39:03.534Z  INFO 16713 --- [           main] o.a.c.c.C.[Tomcat].[localhost].[/]       : Initializing Spring embedded WebApplicationContext
2025-04-04T07:39:03.538Z  INFO 16713 --- [           main] w.s.c.ServletWebServerApplicationContext : Root WebApplicationContext: initialization completed in 2983 ms
2025-04-04T07:39:05.133Z  INFO 16713 --- [           main] o.s.b.a.e.web.EndpointLinksResolver      : Exposing 1 endpoint beneath base path '/actuator'
2025-04-04T07:39:05.255Z  INFO 16713 --- [           main] o.s.b.w.embedded.tomcat.TomcatWebServer  : Tomcat started on port 8080 (http) with context path '/'
2025-04-04T07:39:05.295Z  INFO 16713 --- [           main] com.example.demo.DemoApplication         : Started DemoApplication in 5.833 seconds (process running for 6.903)
2025-04-04T07:39:05.979Z  INFO 16713 --- [nio-8080-exec-1] o.a.c.c.C.[Tomcat].[localhost].[/]       : Initializing Spring DispatcherServlet 'dispatcherServlet'
2025-04-04T07:39:05.980Z  INFO 16713 --- [nio-8080-exec-1] o.s.web.servlet.DispatcherServlet        : Initializing Servlet 'dispatcherServlet'
2025-04-04T07:39:05.984Z  INFO 16713 --- [nio-8080-exec-1] o.s.web.servlet.DispatcherServlet        : Completed initialization in 4 ms
